<?xml version="1.0" encoding="UTF-8"?><testsuite errors="1" failures="0" name="Yo como usuario del portal Demo" skipped="0" tests="2" time="48.26" timestamp="2022-01-04 07:48:55"><testcase name="el usuario selecciona articulos de tecnologia y realiza el pago en linea"/><testcase name="el usuario verifica los detalles del envio del producto Tablet"><error message="Timed out after 10 seconds. Element not available&#10;Build info: version: '3.141.59', revision: 'e82be7d358', time: '2018-11-14T08:17:03'&#10;System info: host: '22LAP5CG0523WW5', ip: '192.168.20.38', os.name: 'Windows 10', os.arch: 'amd64', os.version: '10.0', java.version: '1.8.0_291'&#10;Driver info: driver.version: unknown&#10;Build info: version: '3.141.59', revision: 'e82be7d358', time: '2018-11-14T08:17:03'&#10;System info: host: '22LAP5CG0523WW5', ip: '192.168.20.38', os.name: 'Windows 10', os.arch: 'amd64', os.version: '10.0', java.version: '1.8.0_291'&#10;Driver info: driver.version: unknown" type="org.openqa.selenium.ElementNotVisibleException">Timed out after 10 seconds. Element not available
Build info: version: '3.141.59', revision: 'e82be7d358', time: '2018-11-14T08:17:03'
System info: host: '22LAP5CG0523WW5', ip: '192.168.20.38', os.name: 'Windows 10', os.arch: 'amd64', os.version: '10.0', java.version: '1.8.0_291'
Driver info: driver.version: unknown
Build info: version: '3.141.59', revision: 'e82be7d358', time: '2018-11-14T08:17:03'
System info: host: '22LAP5CG0523WW5', ip: '192.168.20.38', os.name: 'Windows 10', os.arch: 'amd64', os.version: '10.0', java.version: '1.8.0_291'
Driver info: driver.version: unknown</error><system-err>Timed out after 10 seconds. Element not available
Build info: version: '3.141.59', revision: 'e82be7d358', time: '2018-11-14T08:17:03'
System info: host: '22LAP5CG0523WW5', ip: '192.168.20.38', os.name: 'Windows 10', os.arch: 'amd64', os.version: '10.0', java.version: '1.8.0_291'
Driver info: driver.version: unknown
Build info: version: '3.141.59', revision: 'e82be7d358', time: '2018-11-14T08:17:03'
System info: host: '22LAP5CG0523WW5', ip: '192.168.20.38', os.name: 'Windows 10', os.arch: 'amd64', os.version: '10.0', java.version: '1.8.0_291'
Driver info: driver.version: unknown&#13;
actions.PagoOnlineProductoActions.vaidarInformacionEditar(PagoOnlineProductoActions.java:22)&#13;
stepsDefinitions.PagoLineaSteps.elUsuarioVerificaDondeLlegaSuProducto(PagoLineaSteps.java:54)&#13;
✽.el usuario verifica donde llega su producto(src/test/resources/features/pagoLinea/pagoLinea.feature:15)&#13;
</system-err></testcase></testsuite>